Using pre-set license
Built from '2021.3/staging' branch; Version is '2021.3.10f1 (1c7d0df0160b) revision 1867021'; Using compiler version '192829333'; Build Type 'Release'
OS: 'Windows 10  (10.0.19045) 64bit Core' Language: 'ja' Physical Memory: 16217 MB
BatchMode: 1, IsHumanControllingUs: 0, StartBugReporterOnCrash: 0, Is64bit: 1, IsPro: 1

COMMAND LINE ARGUMENTS:
C:\Program Files\Unity\Hub\Editor\2021.3.10f1\Editor\Unity.exe
-adb2
-batchMode
-noUpm
-name
AssetImportWorker0
-projectPath
C:/Users/21010/Desktop/学校/3年前期/ゲーム制作/Github/At-home/at home
-logFile
Logs/AssetImportWorker0.log
-srvPort
64630
Successfully changed project path to: C:/Users/21010/Desktop/学校/3年前期/ゲーム制作/Github/At-home/at home
C:/Users/21010/Desktop/学校/3年前期/ゲーム制作/Github/At-home/at home
[UnityMemory] Configuration Parameters - Can be set up in boot.config
    "memorysetup-bucket-allocator-granularity=16"
    "memorysetup-bucket-allocator-bucket-count=8"
    "memorysetup-bucket-allocator-block-size=33554432"
    "memorysetup-bucket-allocator-block-count=8"
    "memorysetup-main-allocator-block-size=16777216"
    "memorysetup-thread-allocator-block-size=16777216"
    "memorysetup-gfx-main-allocator-block-size=16777216"
    "memorysetup-gfx-thread-allocator-block-size=16777216"
    "memorysetup-cache-allocator-block-size=4194304"
    "memorysetup-typetree-allocator-block-size=2097152"
    "memorysetup-profiler-bucket-allocator-granularity=16"
    "memorysetup-profiler-bucket-allocator-bucket-count=8"
    "memorysetup-profiler-bucket-allocator-block-size=33554432"
    "memorysetup-profiler-bucket-allocator-block-count=8"
    "memorysetup-profiler-allocator-block-size=16777216"
    "memorysetup-profiler-editor-allocator-block-size=1048576"
    "memorysetup-temp-allocator-size-main=16777216"
    "memorysetup-job-temp-allocator-block-size=2097152"
    "memorysetup-job-temp-allocator-block-size-background=1048576"
    "memorysetup-job-temp-allocator-reduction-small-platforms=262144"
    "memorysetup-temp-allocator-size-background-worker=32768"
    "memorysetup-temp-allocator-size-job-worker=262144"
    "memorysetup-temp-allocator-size-preload-manager=33554432"
    "memorysetup-temp-allocator-size-nav-mesh-worker=65536"
    "memorysetup-temp-allocator-size-audio-worker=65536"
    "memorysetup-temp-allocator-size-cloud-worker=32768"
    "memorysetup-temp-allocator-size-gi-baking-worker=262144"
    "memorysetup-temp-allocator-size-gfx=262144"
Refreshing native plugins compatible for Editor in 97.06 ms, found 3 plugins.
Preloading 0 native plugins for Editor in 0.00 ms.
Initialize engine version: 2021.3.10f1 (1c7d0df0160b)
[Subsystems] Discovering subsystems at path C:/Program Files/Unity/Hub/Editor/2021.3.10f1/Editor/Data/Resources/UnitySubsystems
[Subsystems] Discovering subsystems at path C:/Users/21010/Desktop/学校/3年前期/ゲーム制作/Github/At-home/at home/Assets
GfxDevice: creating device client; threaded=0; jobified=0
Direct3D:
    Version:  Direct3D 11.0 [level 11.1]
    Renderer: NVIDIA GeForce GTX 1650 (ID=0x1f91)
    Vendor:   NVIDIA
    VRAM:     3962 MB
    Driver:   27.21.14.6230
Initialize mono
Mono path[0] = 'C:/Program Files/Unity/Hub/Editor/2021.3.10f1/Editor/Data/Managed'
Mono path[1] = 'C:/Program Files/Unity/Hub/Editor/2021.3.10f1/Editor/Data/MonoBleedingEdge/lib/mono/unityjit-win32'
Mono config path = 'C:/Program Files/Unity/Hub/Editor/2021.3.10f1/Editor/Data/MonoBleedingEdge/etc'
Using monoOptions --debugger-agent=transport=dt_socket,embedding=1,server=y,suspend=n,address=127.0.0.1:56908
Begin MonoManager ReloadAssembly
Registering precompiled unity dll's ...
Register platform support module: C:/Program Files/Unity/Hub/Editor/2021.3.10f1/Editor/Data/PlaybackEngines/AndroidPlayer/UnityEditor.Android.Extensions.dll
Register platform support module: C:/Program Files/Unity/Hub/Editor/2021.3.10f1/Editor/Data/PlaybackEngines/WindowsStandaloneSupport/UnityEditor.WindowsStandalone.Extensions.dll
Registered in 0.013301 seconds.
Native extension for WindowsStandalone target not found
Native extension for Android target not found
Refreshing native plugins compatible for Editor in 96.76 ms, found 3 plugins.
Preloading 0 native plugins for Editor in 0.00 ms.
Mono: successfully reloaded assembly
- Completed reload, in  0.719 seconds
Domain Reload Profiling:
	ReloadAssembly (720ms)
		BeginReloadAssembly (81ms)
			ExecutionOrderSort (0ms)
			DisableScriptedObjects (0ms)
			BackupInstance (0ms)
			ReleaseScriptingObjects (0ms)
			CreateAndSetChildDomain (1ms)
		EndReloadAssembly (512ms)
			LoadAssemblies (79ms)
			RebuildTransferFunctionScriptingTraits (0ms)
			SetupTypeCache (115ms)
			ReleaseScriptCaches (0ms)
			RebuildScriptCaches (34ms)
			SetupLoadedEditorAssemblies (311ms)
				LogAssemblyErrors (0ms)
				InitializePlatformSupportModulesInManaged (62ms)
				SetLoadedEditorAssemblies (0ms)
				RefreshPlugins (97ms)
				BeforeProcessingInitializeOnLoad (1ms)
				ProcessInitializeOnLoadAttributes (106ms)
				ProcessInitializeOnLoadMethodAttributes (44ms)
				AfterProcessingInitializeOnLoad (0ms)
				EditorAssembliesLoaded (0ms)
			ExecutionOrderSort2 (0ms)
			AwakeInstancesAfterBackupRestoration (0ms)
Platform modules already initialized, skipping
Registering precompiled user dll's ...
Registered in 0.007498 seconds.
Begin MonoManager ReloadAssembly
Symbol file LoadedFromMemory doesn't match image C:\Users\21010\Desktop\学校\3年前期\ゲーム制作\Github\At-home\at home\Library\PackageCache\com.unity.visualscripting@1.7.8\Editor\VisualScripting.Core\Dependencies\YamlDotNet\Unity.VisualScripting.YamlDotNet.dll
Symbol file LoadedFromMemory doesn't match image C:\Users\21010\Desktop\学校\3年前期\ゲーム制作\Github\At-home\at home\Library\PackageCache\com.unity.visualscripting@1.7.8\Editor\VisualScripting.Core\Dependencies\DotNetZip\Unity.VisualScripting.IonicZip.dll
Native extension for WindowsStandalone target not found
Native extension for Android target not found
Refreshing native plugins compatible for Editor in 92.68 ms, found 3 plugins.
Preloading 0 native plugins for Editor in 0.00 ms.
Mono: successfully reloaded assembly
- Completed reload, in  1.358 seconds
Domain Reload Profiling:
	ReloadAssembly (1359ms)
		BeginReloadAssembly (225ms)
			ExecutionOrderSort (0ms)
			DisableScriptedObjects (6ms)
			BackupInstance (0ms)
			ReleaseScriptingObjects (0ms)
			CreateAndSetChildDomain (122ms)
		EndReloadAssembly (997ms)
			LoadAssemblies (102ms)
			RebuildTransferFunctionScriptingTraits (0ms)
			SetupTypeCache (291ms)
			ReleaseScriptCaches (1ms)
			RebuildScriptCaches (55ms)
			SetupLoadedEditorAssemblies (502ms)
				LogAssemblyErrors (0ms)
				InitializePlatformSupportModulesInManaged (14ms)
				SetLoadedEditorAssemblies (0ms)
				RefreshPlugins (93ms)
				BeforeProcessingInitializeOnLoad (112ms)
				ProcessInitializeOnLoadAttributes (238ms)
				ProcessInitializeOnLoadMethodAttributes (31ms)
				AfterProcessingInitializeOnLoad (14ms)
				EditorAssembliesLoaded (0ms)
			ExecutionOrderSort2 (0ms)
			AwakeInstancesAfterBackupRestoration (7ms)
Platform modules already initialized, skipping
========================================================================
Worker process is ready to serve import requests
Launched and connected shader compiler UnityShaderCompiler.exe after 0.05 seconds
Refreshing native plugins compatible for Editor in 0.59 ms, found 3 plugins.
Preloading 0 native plugins for Editor in 0.00 ms.
Unloading 3976 Unused Serialized files (Serialized files now loaded: 0)
Unloading 27 unused Assets / (114.2 KB). Loaded Objects now: 4436.
Memory consumption went from 143.4 MB to 143.2 MB.
Total: 6.293200 ms (FindLiveObjects: 0.310400 ms CreateObjectMapping: 0.282900 ms MarkObjects: 5.579400 ms  DeleteObjects: 0.119300 ms)

AssetImportParameters requested are different than current active one (requested -> active):
  custom:video-decoder-ogg-theora: a1e56fd34408186e4bbccfd4996cb3dc -> 
  custom:container-muxer-webm: aa71ff27fc2769a1b78a27578f13a17b -> 
  custom:container-demuxer-webm: 4f35f7cbe854078d1ac9338744f61a02 -> 
  custom:video-encoder-webm-vp8: eb34c28f22e8b96e1ab97ce403110664 -> 
  custom:video-codec-MediaFoundation-h265: 746d11721c4dcdbdad8f713fa42b33f4 -> 
  custom:audio-encoder-webm-vorbis: bf7c407c2cedff20999df2af8eb42d56 -> 
  custom:framework-win-MediaFoundation: 216162199b28c13a410421893ffa2e32 -> 
  custom:container-demuxer-ogg: 62fdf1f143b41e24485cea50d1cbac27 -> 
  custom:video-decoder-webm-vp8: 9c59270c3fd7afecdb556c50c9e8de78 -> 
  custom:audio-decoder-ogg-vorbis: bf7c407c2cedff20999df2af8eb42d56 -> 
========================================================================
Received Import Request.
  Time since last request: 11078.286606 seconds.
  path: Assets/SAColliderBuilder
  artifactKey: Guid(9ff375fb4eacd36499c6766d49ec33fe) Importer(815301076,1909f56bfc062723c751e8b465ee728b)
Start importing Assets/SAColliderBuilder using Guid(9ff375fb4eacd36499c6766d49ec33fe) Importer(815301076,1909f56bfc062723c751e8b465ee728b)  -> (artifact id: 'fdde3f0b460315492dd53e0fd67ca99f') in 0.012294 seconds 
========================================================================
Received Import Request.
  Time since last request: 0.000045 seconds.
  path: Assets/SAColliderBuilder/Editor
  artifactKey: Guid(bd01fc78bdc19f64b834ea189ad29271) Importer(815301076,1909f56bfc062723c751e8b465ee728b)
Start importing Assets/SAColliderBuilder/Editor using Guid(bd01fc78bdc19f64b834ea189ad29271) Importer(815301076,1909f56bfc062723c751e8b465ee728b)  -> (artifact id: '45ca399a887792657397e68af81df834') in 0.009413 seconds 
========================================================================
Received Import Request.
  Time since last request: 211.045174 seconds.
  path: Assets/SAColliderBuilder/Editor/SABoneColliderBuilderInspector.cs
  artifactKey: Guid(5d53bbc81f009e7459cd92f604a850dc) Importer(815301076,1909f56bfc062723c751e8b465ee728b)
Start importing Assets/SAColliderBuilder/Editor/SABoneColliderBuilderInspector.cs using Guid(5d53bbc81f009e7459cd92f604a850dc) Importer(815301076,1909f56bfc062723c751e8b465ee728b)  -> (artifact id: 'fd639f4bb3e98f913f8743630f54c620') in 0.039158 seconds 
========================================================================
Received Import Request.
  Time since last request: 4.808094 seconds.
  path: Assets/SAColliderBuilder/Editor/SABoneColliderEditorCommon.cs
  artifactKey: Guid(eec6dd035cf4d26499df97eb07b19f8b) Importer(815301076,1909f56bfc062723c751e8b465ee728b)
Start importing Assets/SAColliderBuilder/Editor/SABoneColliderEditorCommon.cs using Guid(eec6dd035cf4d26499df97eb07b19f8b) Importer(815301076,1909f56bfc062723c751e8b465ee728b)  -> (artifact id: 'e18e41f56d702875337bace94bd5006d') in 0.006325 seconds 
========================================================================
Received Import Request.
  Time since last request: 25.225132 seconds.
  path: Assets/SAColliderBuilder/Editor/SABoneColliderInspector.cs
  artifactKey: Guid(487171c8076d046459eba57f2a6f594e) Importer(815301076,1909f56bfc062723c751e8b465ee728b)
Start importing Assets/SAColliderBuilder/Editor/SABoneColliderInspector.cs using Guid(487171c8076d046459eba57f2a6f594e) Importer(815301076,1909f56bfc062723c751e8b465ee728b)  -> (artifact id: '635874e6ce916f6f3d67dca2179857c8') in 0.005641 seconds 
========================================================================
Received Import Request.
  Time since last request: 4.452572 seconds.
  path: Assets/SAColliderBuilder/Editor/SAColliderBoxReducer.cs
  artifactKey: Guid(e07d3dac8ff88ed4e82b3225f81a6567) Importer(815301076,1909f56bfc062723c751e8b465ee728b)
Start importing Assets/SAColliderBuilder/Editor/SAColliderBoxReducer.cs using Guid(e07d3dac8ff88ed4e82b3225f81a6567) Importer(815301076,1909f56bfc062723c751e8b465ee728b)  -> (artifact id: '213977cebfeb388a8127dc33e4990e7e') in 0.006109 seconds 
========================================================================
Received Import Request.
  Time since last request: 1.305337 seconds.
  path: Assets/SAColliderBuilder/Editor/SAColliderBuilderEditorCommon.cs
  artifactKey: Guid(47284ddb550e00f4ebd1575ec08cbac3) Importer(815301076,1909f56bfc062723c751e8b465ee728b)
Start importing Assets/SAColliderBuilder/Editor/SAColliderBuilderEditorCommon.cs using Guid(47284ddb550e00f4ebd1575ec08cbac3) Importer(815301076,1909f56bfc062723c751e8b465ee728b)  -> (artifact id: '410302791f7acedae45d04fe7191e0e0') in 0.005986 seconds 
========================================================================
Received Import Request.
  Time since last request: 0.907603 seconds.
  path: Assets/SAColliderBuilder/Editor/SAColliderHullReducer.cs
  artifactKey: Guid(81aa1dbc535d41542ac581a3d5331fcc) Importer(815301076,1909f56bfc062723c751e8b465ee728b)
Start importing Assets/SAColliderBuilder/Editor/SAColliderHullReducer.cs using Guid(81aa1dbc535d41542ac581a3d5331fcc) Importer(815301076,1909f56bfc062723c751e8b465ee728b)  -> (artifact id: 'a2397071965a08f18a4ee28e72202213') in 0.005503 seconds 
========================================================================
Received Import Request.
  Time since last request: 0.713715 seconds.
  path: Assets/SAColliderBuilder/Editor/SAMeshColliderEditorCommon.cs
  artifactKey: Guid(f6834c94de635b24095bbb5919274e2b) Importer(815301076,1909f56bfc062723c751e8b465ee728b)
Start importing Assets/SAColliderBuilder/Editor/SAMeshColliderEditorCommon.cs using Guid(f6834c94de635b24095bbb5919274e2b) Importer(815301076,1909f56bfc062723c751e8b465ee728b)  -> (artifact id: 'd197128c90706c624693542b57aa8a70') in 0.006504 seconds 
========================================================================
Received Import Request.
  Time since last request: 1.015548 seconds.
  path: Assets/SAColliderBuilder/Editor/SAMeshColliderInspector.cs
  artifactKey: Guid(4fbc477dd2273194c88bab7bbd4c4ff1) Importer(815301076,1909f56bfc062723c751e8b465ee728b)
Start importing Assets/SAColliderBuilder/Editor/SAMeshColliderInspector.cs using Guid(4fbc477dd2273194c88bab7bbd4c4ff1) Importer(815301076,1909f56bfc062723c751e8b465ee728b)  -> (artifact id: '2b9dd3b33b40fae8396d429f5e16db96') in 0.009653 seconds 
========================================================================
Received Import Request.
  Time since last request: 22.177428 seconds.
  path: Assets/SAColliderBuilder/Scripts
  artifactKey: Guid(598b39b3218d5e14e87c57b89c86145c) Importer(815301076,1909f56bfc062723c751e8b465ee728b)
Start importing Assets/SAColliderBuilder/Scripts using Guid(598b39b3218d5e14e87c57b89c86145c) Importer(815301076,1909f56bfc062723c751e8b465ee728b)  -> (artifact id: '2e1098bbe5c20449af8745d0cd48f34a') in 0.009213 seconds 
========================================================================
Received Import Request.
  Time since last request: 1.824814 seconds.
  path: Assets/SAColliderBuilder/Scripts/SABoneCollider.cs
  artifactKey: Guid(7e9528926505fe24cadbacc32c6349ee) Importer(815301076,1909f56bfc062723c751e8b465ee728b)
Start importing Assets/SAColliderBuilder/Scripts/SABoneCollider.cs using Guid(7e9528926505fe24cadbacc32c6349ee) Importer(815301076,1909f56bfc062723c751e8b465ee728b)  -> (artifact id: '6ec4970a4f9a63183b70128286499ed3') in 0.005810 seconds 
========================================================================
Received Import Request.
  Time since last request: 6.669861 seconds.
  path: Assets/SAColliderBuilder/Scripts/SABoneColliderBuilder.cs
  artifactKey: Guid(5d44bae29a682d548a83980b6a33b126) Importer(815301076,1909f56bfc062723c751e8b465ee728b)
Start importing Assets/SAColliderBuilder/Scripts/SABoneColliderBuilder.cs using Guid(5d44bae29a682d548a83980b6a33b126) Importer(815301076,1909f56bfc062723c751e8b465ee728b)  -> (artifact id: 'cdc7357475cf3ace42f767896eb8fcae') in 0.009026 seconds 
========================================================================
Received Import Request.
  Time since last request: 1.136012 seconds.
  path: Assets/SAColliderBuilder/Scripts/SABoneColliderChild.cs
  artifactKey: Guid(9ef2b87818a56064b926871454f01541) Importer(815301076,1909f56bfc062723c751e8b465ee728b)
Start importing Assets/SAColliderBuilder/Scripts/SABoneColliderChild.cs using Guid(9ef2b87818a56064b926871454f01541) Importer(815301076,1909f56bfc062723c751e8b465ee728b)  -> (artifact id: '4f1ae9426ee25acf7a47b6a2ad111384') in 0.007902 seconds 
========================================================================
Received Prepare
Registering precompiled user dll's ...
Registered in 0.009823 seconds.
Begin MonoManager ReloadAssembly
Symbol file LoadedFromMemory doesn't match image C:\Users\21010\Desktop\学校\3年前期\ゲーム制作\Github\At-home\at home\Library\PackageCache\com.unity.visualscripting@1.7.8\Editor\VisualScripting.Core\Dependencies\YamlDotNet\Unity.VisualScripting.YamlDotNet.dll
Symbol file LoadedFromMemory doesn't match image C:\Users\21010\Desktop\学校\3年前期\ゲーム制作\Github\At-home\at home\Library\PackageCache\com.unity.visualscripting@1.7.8\Editor\VisualScripting.Core\Dependencies\DotNetZip\Unity.VisualScripting.IonicZip.dll
Native extension for WindowsStandalone target not found
Native extension for Android target not found
Refreshing native plugins compatible for Editor in 1.03 ms, found 3 plugins.
Preloading 0 native plugins for Editor in 0.00 ms.
Mono: successfully reloaded assembly
- Completed reload, in  1.308 seconds
Domain Reload Profiling:
	ReloadAssembly (1309ms)
		BeginReloadAssembly (149ms)
			ExecutionOrderSort (0ms)
			DisableScriptedObjects (6ms)
			BackupInstance (0ms)
			ReleaseScriptingObjects (0ms)
			CreateAndSetChildDomain (40ms)
		EndReloadAssembly (1054ms)
			LoadAssemblies (106ms)
			RebuildTransferFunctionScriptingTraits (0ms)
			SetupTypeCache (388ms)
			ReleaseScriptCaches (1ms)
			RebuildScriptCaches (57ms)
			SetupLoadedEditorAssemblies (443ms)
				LogAssemblyErrors (0ms)
				InitializePlatformSupportModulesInManaged (29ms)
				SetLoadedEditorAssemblies (1ms)
				RefreshPlugins (1ms)
				BeforeProcessingInitializeOnLoad (111ms)
				ProcessInitializeOnLoadAttributes (251ms)
				ProcessInitializeOnLoadMethodAttributes (38ms)
				AfterProcessingInitializeOnLoad (13ms)
				EditorAssembliesLoaded (0ms)
			ExecutionOrderSort2 (0ms)
			AwakeInstancesAfterBackupRestoration (6ms)
Platform modules already initialized, skipping
Refreshing native plugins compatible for Editor in 2.57 ms, found 3 plugins.
Preloading 0 native plugins for Editor in 0.00 ms.
Unloading 3951 Unused Serialized files (Serialized files now loaded: 0)
Unloading 20 unused Assets / (81.0 KB). Loaded Objects now: 4439.
Memory consumption went from 141.2 MB to 141.2 MB.
Total: 2.893800 ms (FindLiveObjects: 0.278000 ms CreateObjectMapping: 0.189400 ms MarkObjects: 2.330700 ms  DeleteObjects: 0.094700 ms)

AssetImportParameters requested are different than current active one (requested -> active):
  custom:video-decoder-ogg-theora: a1e56fd34408186e4bbccfd4996cb3dc -> 
  custom:container-muxer-webm: aa71ff27fc2769a1b78a27578f13a17b -> 
  custom:container-demuxer-webm: 4f35f7cbe854078d1ac9338744f61a02 -> 
  custom:video-encoder-webm-vp8: eb34c28f22e8b96e1ab97ce403110664 -> 
  custom:video-codec-MediaFoundation-h265: 746d11721c4dcdbdad8f713fa42b33f4 -> 
  custom:audio-encoder-webm-vorbis: bf7c407c2cedff20999df2af8eb42d56 -> 
  custom:framework-win-MediaFoundation: 216162199b28c13a410421893ffa2e32 -> 
  custom:container-demuxer-ogg: 62fdf1f143b41e24485cea50d1cbac27 -> 
  custom:video-decoder-webm-vp8: 9c59270c3fd7afecdb556c50c9e8de78 -> 
  custom:audio-decoder-ogg-vorbis: bf7c407c2cedff20999df2af8eb42d56 -> 
========================================================================
Received Prepare
Registering precompiled user dll's ...
Registered in 0.007909 seconds.
Begin MonoManager ReloadAssembly
Symbol file LoadedFromMemory doesn't match image C:\Users\21010\Desktop\学校\3年前期\ゲーム制作\Github\At-home\at home\Library\PackageCache\com.unity.visualscripting@1.7.8\Editor\VisualScripting.Core\Dependencies\YamlDotNet\Unity.VisualScripting.YamlDotNet.dll
Symbol file LoadedFromMemory doesn't match image C:\Users\21010\Desktop\学校\3年前期\ゲーム制作\Github\At-home\at home\Library\PackageCache\com.unity.visualscripting@1.7.8\Editor\VisualScripting.Core\Dependencies\DotNetZip\Unity.VisualScripting.IonicZip.dll
Native extension for WindowsStandalone target not found
Native extension for Android target not found
Refreshing native plugins compatible for Editor in 1.21 ms, found 3 plugins.
Preloading 0 native plugins for Editor in 0.00 ms.
Mono: successfully reloaded assembly
- Completed reload, in  1.328 seconds
Domain Reload Profiling:
	ReloadAssembly (1329ms)
		BeginReloadAssembly (153ms)
			ExecutionOrderSort (0ms)
			DisableScriptedObjects (7ms)
			BackupInstance (0ms)
			ReleaseScriptingObjects (0ms)
			CreateAndSetChildDomain (37ms)
		EndReloadAssembly (1073ms)
			LoadAssemblies (112ms)
			RebuildTransferFunctionScriptingTraits (0ms)
			SetupTypeCache (379ms)
			ReleaseScriptCaches (1ms)
			RebuildScriptCaches (57ms)
			SetupLoadedEditorAssemblies (450ms)
				LogAssemblyErrors (0ms)
				InitializePlatformSupportModulesInManaged (30ms)
				SetLoadedEditorAssemblies (1ms)
				RefreshPlugins (1ms)
				BeforeProcessingInitializeOnLoad (108ms)
				ProcessInitializeOnLoadAttributes (261ms)
				ProcessInitializeOnLoadMethodAttributes (35ms)
				AfterProcessingInitializeOnLoad (13ms)
				EditorAssembliesLoaded (0ms)
			ExecutionOrderSort2 (0ms)
			AwakeInstancesAfterBackupRestoration (10ms)
Platform modules already initialized, skipping
Refreshing native plugins compatible for Editor in 2.64 ms, found 3 plugins.
Preloading 0 native plugins for Editor in 0.00 ms.
Unloading 3951 Unused Serialized files (Serialized files now loaded: 0)
Unloading 20 unused Assets / (81.0 KB). Loaded Objects now: 4442.
Memory consumption went from 141.3 MB to 141.2 MB.
Total: 4.420300 ms (FindLiveObjects: 0.381000 ms CreateObjectMapping: 0.254800 ms MarkObjects: 3.671600 ms  DeleteObjects: 0.112200 ms)

AssetImportParameters requested are different than current active one (requested -> active):
  custom:video-decoder-ogg-theora: a1e56fd34408186e4bbccfd4996cb3dc -> 
  custom:container-muxer-webm: aa71ff27fc2769a1b78a27578f13a17b -> 
  custom:container-demuxer-webm: 4f35f7cbe854078d1ac9338744f61a02 -> 
  custom:video-encoder-webm-vp8: eb34c28f22e8b96e1ab97ce403110664 -> 
  custom:video-codec-MediaFoundation-h265: 746d11721c4dcdbdad8f713fa42b33f4 -> 
  custom:audio-encoder-webm-vorbis: bf7c407c2cedff20999df2af8eb42d56 -> 
  custom:framework-win-MediaFoundation: 216162199b28c13a410421893ffa2e32 -> 
  custom:container-demuxer-ogg: 62fdf1f143b41e24485cea50d1cbac27 -> 
  custom:video-decoder-webm-vp8: 9c59270c3fd7afecdb556c50c9e8de78 -> 
  custom:audio-decoder-ogg-vorbis: bf7c407c2cedff20999df2af8eb42d56 -> 
========================================================================
Received Prepare
Registering precompiled user dll's ...
Registered in 0.008521 seconds.
Begin MonoManager ReloadAssembly
Symbol file LoadedFromMemory doesn't match image C:\Users\21010\Desktop\学校\3年前期\ゲーム制作\Github\At-home\at home\Library\PackageCache\com.unity.visualscripting@1.7.8\Editor\VisualScripting.Core\Dependencies\YamlDotNet\Unity.VisualScripting.YamlDotNet.dll
Symbol file LoadedFromMemory doesn't match image C:\Users\21010\Desktop\学校\3年前期\ゲーム制作\Github\At-home\at home\Library\PackageCache\com.unity.visualscripting@1.7.8\Editor\VisualScripting.Core\Dependencies\DotNetZip\Unity.VisualScripting.IonicZip.dll
Native extension for WindowsStandalone target not found
Native extension for Android target not found
Refreshing native plugins compatible for Editor in 0.78 ms, found 3 plugins.
Preloading 0 native plugins for Editor in 0.00 ms.
Mono: successfully reloaded assembly
- Completed reload, in  1.523 seconds
Domain Reload Profiling:
	ReloadAssembly (1524ms)
		BeginReloadAssembly (164ms)
			ExecutionOrderSort (0ms)
			DisableScriptedObjects (6ms)
			BackupInstance (0ms)
			ReleaseScriptingObjects (0ms)
			CreateAndSetChildDomain (42ms)
		EndReloadAssembly (1214ms)
			LoadAssemblies (125ms)
			RebuildTransferFunctionScriptingTraits (0ms)
			SetupTypeCache (426ms)
			ReleaseScriptCaches (2ms)
			RebuildScriptCaches (68ms)
			SetupLoadedEditorAssemblies (511ms)
				LogAssemblyErrors (0ms)
				InitializePlatformSupportModulesInManaged (35ms)
				SetLoadedEditorAssemblies (1ms)
				RefreshPlugins (1ms)
				BeforeProcessingInitializeOnLoad (120ms)
				ProcessInitializeOnLoadAttributes (299ms)
				ProcessInitializeOnLoadMethodAttributes (40ms)
				AfterProcessingInitializeOnLoad (15ms)
				EditorAssembliesLoaded (0ms)
			ExecutionOrderSort2 (0ms)
			AwakeInstancesAfterBackupRestoration (10ms)
Platform modules already initialized, skipping
Refreshing native plugins compatible for Editor in 2.83 ms, found 3 plugins.
Preloading 0 native plugins for Editor in 0.00 ms.
Unloading 3951 Unused Serialized files (Serialized files now loaded: 0)
Unloading 20 unused Assets / (81.1 KB). Loaded Objects now: 4445.
Memory consumption went from 141.3 MB to 141.2 MB.
Total: 3.155000 ms (FindLiveObjects: 0.282100 ms CreateObjectMapping: 0.193700 ms MarkObjects: 2.582200 ms  DeleteObjects: 0.096200 ms)

AssetImportParameters requested are different than current active one (requested -> active):
  custom:video-decoder-ogg-theora: a1e56fd34408186e4bbccfd4996cb3dc -> 
  custom:container-muxer-webm: aa71ff27fc2769a1b78a27578f13a17b -> 
  custom:container-demuxer-webm: 4f35f7cbe854078d1ac9338744f61a02 -> 
  custom:video-encoder-webm-vp8: eb34c28f22e8b96e1ab97ce403110664 -> 
  custom:video-codec-MediaFoundation-h265: 746d11721c4dcdbdad8f713fa42b33f4 -> 
  custom:audio-encoder-webm-vorbis: bf7c407c2cedff20999df2af8eb42d56 -> 
  custom:framework-win-MediaFoundation: 216162199b28c13a410421893ffa2e32 -> 
  custom:container-demuxer-ogg: 62fdf1f143b41e24485cea50d1cbac27 -> 
  custom:video-decoder-webm-vp8: 9c59270c3fd7afecdb556c50c9e8de78 -> 
  custom:audio-decoder-ogg-vorbis: bf7c407c2cedff20999df2af8eb42d56 -> 
========================================================================
Received Prepare
Registering precompiled user dll's ...
Registered in 0.008445 seconds.
Begin MonoManager ReloadAssembly
Symbol file LoadedFromMemory doesn't match image C:\Users\21010\Desktop\学校\3年前期\ゲーム制作\Github\At-home\at home\Library\PackageCache\com.unity.visualscripting@1.7.8\Editor\VisualScripting.Core\Dependencies\YamlDotNet\Unity.VisualScripting.YamlDotNet.dll
Symbol file LoadedFromMemory doesn't match image C:\Users\21010\Desktop\学校\3年前期\ゲーム制作\Github\At-home\at home\Library\PackageCache\com.unity.visualscripting@1.7.8\Editor\VisualScripting.Core\Dependencies\DotNetZip\Unity.VisualScripting.IonicZip.dll
Native extension for WindowsStandalone target not found
Native extension for Android target not found
Refreshing native plugins compatible for Editor in 0.74 ms, found 3 plugins.
Preloading 0 native plugins for Editor in 0.00 ms.
Mono: successfully reloaded assembly
- Completed reload, in  1.497 seconds
Domain Reload Profiling:
	ReloadAssembly (1498ms)
		BeginReloadAssembly (171ms)
			ExecutionOrderSort (0ms)
			DisableScriptedObjects (6ms)
			BackupInstance (0ms)
			ReleaseScriptingObjects (0ms)
			CreateAndSetChildDomain (50ms)
		EndReloadAssembly (1186ms)
			LoadAssemblies (121ms)
			RebuildTransferFunctionScriptingTraits (0ms)
			SetupTypeCache (425ms)
			ReleaseScriptCaches (2ms)
			RebuildScriptCaches (64ms)
			SetupLoadedEditorAssemblies (503ms)
				LogAssemblyErrors (0ms)
				InitializePlatformSupportModulesInManaged (37ms)
				SetLoadedEditorAssemblies (1ms)
				RefreshPlugins (1ms)
				BeforeProcessingInitializeOnLoad (128ms)
				ProcessInitializeOnLoadAttributes (291ms)
				ProcessInitializeOnLoadMethodAttributes (33ms)
				AfterProcessingInitializeOnLoad (12ms)
				EditorAssembliesLoaded (0ms)
			ExecutionOrderSort2 (0ms)
			AwakeInstancesAfterBackupRestoration (7ms)
Platform modules already initialized, skipping
Refreshing native plugins compatible for Editor in 2.42 ms, found 3 plugins.
Preloading 0 native plugins for Editor in 0.00 ms.
Unloading 3951 Unused Serialized files (Serialized files now loaded: 0)
Unloading 20 unused Assets / (80.8 KB). Loaded Objects now: 4448.
Memory consumption went from 141.3 MB to 141.2 MB.
Total: 3.045400 ms (FindLiveObjects: 0.302900 ms CreateObjectMapping: 0.201300 ms MarkObjects: 2.445700 ms  DeleteObjects: 0.094600 ms)

AssetImportParameters requested are different than current active one (requested -> active):
  custom:video-decoder-ogg-theora: a1e56fd34408186e4bbccfd4996cb3dc -> 
  custom:container-muxer-webm: aa71ff27fc2769a1b78a27578f13a17b -> 
  custom:container-demuxer-webm: 4f35f7cbe854078d1ac9338744f61a02 -> 
  custom:video-encoder-webm-vp8: eb34c28f22e8b96e1ab97ce403110664 -> 
  custom:video-codec-MediaFoundation-h265: 746d11721c4dcdbdad8f713fa42b33f4 -> 
  custom:audio-encoder-webm-vorbis: bf7c407c2cedff20999df2af8eb42d56 -> 
  custom:framework-win-MediaFoundation: 216162199b28c13a410421893ffa2e32 -> 
  custom:container-demuxer-ogg: 62fdf1f143b41e24485cea50d1cbac27 -> 
  custom:video-decoder-webm-vp8: 9c59270c3fd7afecdb556c50c9e8de78 -> 
  custom:audio-decoder-ogg-vorbis: bf7c407c2cedff20999df2af8eb42d56 -> 
